This is pdfTeX, Version 3.14159265-2.6-1.40.17 (MiKTeX 2.9) (preloaded format=pdflatex 2016.9.11)  11 NOV 2016 16:39
entering extended mode
**./SSB_report.tex
(SSB_report.tex
LaTeX2e <2016/03/31> patch level 3
Babel <3.9r> and hyphenation patterns for 75 language(s) loaded.
("C:\Program Files (x86)\MiKTeX 2.9\tex\latex\base\article.cls"
Document Class: article 2014/09/29 v1.4h Standard LaTeX document class
("C:\Program Files (x86)\MiKTeX 2.9\tex\latex\base\size11.clo"
File: size11.clo 2014/09/29 v1.4h Standard LaTeX file (size option)
)
\c@part=\count79
\c@section=\count80
\c@subsection=\count81
\c@subsubsection=\count82
\c@paragraph=\count83
\c@subparagraph=\count84
\c@figure=\count85
\c@table=\count86
\abovecaptionskip=\skip41
\belowcaptionskip=\skip42
\bibindent=\dimen102
)
("C:\Program Files (x86)\MiKTeX 2.9\tex\latex\base\fontenc.sty"
Package: fontenc 2016/06/19 v1.99m Standard LaTeX package

("C:\Program Files (x86)\MiKTeX 2.9\tex\latex\base\t1enc.def"
File: t1enc.def 2016/06/19 v1.99m Standard LaTeX file
LaTeX Font Info:    Redeclaring font encoding T1 on input line 48.
))
("C:\Program Files (x86)\MiKTeX 2.9\tex\latex\base\inputenc.sty"
Package: inputenc 2015/03/17 v1.2c Input encoding file
\inpenc@prehook=\toks14
\inpenc@posthook=\toks15

("C:\Program Files (x86)\MiKTeX 2.9\tex\latex\base\utf8.def"
File: utf8.def 2016/02/28 v1.1s UTF-8 support for inputenc
Now handling font encoding OML ...
... no UTF-8 mapping file for font encoding OML
Now handling font encoding T1 ...
... processing UTF-8 mapping file for font encoding T1

("C:\Program Files (x86)\MiKTeX 2.9\tex\latex\base\t1enc.dfu"
File: t1enc.dfu 2016/02/28 v1.1s UTF-8 support for inputenc
   defining Unicode char U+00A0 (decimal 160)
   defining Unicode char U+00A1 (decimal 161)
   defining Unicode char U+00A3 (decimal 163)
   defining Unicode char U+00AB (decimal 171)
   defining Unicode char U+00AD (decimal 173)
   defining Unicode char U+00BB (decimal 187)
   defining Unicode char U+00BF (decimal 191)
   defining Unicode char U+00C0 (decimal 192)
   defining Unicode char U+00C1 (decimal 193)
   defining Unicode char U+00C2 (decimal 194)
   defining Unicode char U+00C3 (decimal 195)
   defining Unicode char U+00C4 (decimal 196)
   defining Unicode char U+00C5 (decimal 197)
   defining Unicode char U+00C6 (decimal 198)
   defining Unicode char U+00C7 (decimal 199)
   defining Unicode char U+00C8 (decimal 200)
   defining Unicode char U+00C9 (decimal 201)
   defining Unicode char U+00CA (decimal 202)
   defining Unicode char U+00CB (decimal 203)
   defining Unicode char U+00CC (decimal 204)
   defining Unicode char U+00CD (decimal 205)
   defining Unicode char U+00CE (decimal 206)
   defining Unicode char U+00CF (decimal 207)
   defining Unicode char U+00D0 (decimal 208)
   defining Unicode char U+00D1 (decimal 209)
   defining Unicode char U+00D2 (decimal 210)
   defining Unicode char U+00D3 (decimal 211)
   defining Unicode char U+00D4 (decimal 212)
   defining Unicode char U+00D5 (decimal 213)
   defining Unicode char U+00D6 (decimal 214)
   defining Unicode char U+00D8 (decimal 216)
   defining Unicode char U+00D9 (decimal 217)
   defining Unicode char U+00DA (decimal 218)
   defining Unicode char U+00DB (decimal 219)
   defining Unicode char U+00DC (decimal 220)
   defining Unicode char U+00DD (decimal 221)
   defining Unicode char U+00DE (decimal 222)
   defining Unicode char U+00DF (decimal 223)
   defining Unicode char U+00E0 (decimal 224)
   defining Unicode char U+00E1 (decimal 225)
   defining Unicode char U+00E2 (decimal 226)
   defining Unicode char U+00E3 (decimal 227)
   defining Unicode char U+00E4 (decimal 228)
   defining Unicode char U+00E5 (decimal 229)
   defining Unicode char U+00E6 (decimal 230)
   defining Unicode char U+00E7 (decimal 231)
   defining Unicode char U+00E8 (decimal 232)
   defining Unicode char U+00E9 (decimal 233)
   defining Unicode char U+00EA (decimal 234)
   defining Unicode char U+00EB (decimal 235)
   defining Unicode char U+00EC (decimal 236)
   defining Unicode char U+00ED (decimal 237)
   defining Unicode char U+00EE (decimal 238)
   defining Unicode char U+00EF (decimal 239)
   defining Unicode char U+00F0 (decimal 240)
   defining Unicode char U+00F1 (decimal 241)
   defining Unicode char U+00F2 (decimal 242)
   defining Unicode char U+00F3 (decimal 243)
   defining Unicode char U+00F4 (decimal 244)
   defining Unicode char U+00F5 (decimal 245)
   defining Unicode char U+00F6 (decimal 246)
   defining Unicode char U+00F8 (decimal 248)
   defining Unicode char U+00F9 (decimal 249)
   defining Unicode char U+00FA (decimal 250)
   defining Unicode char U+00FB (decimal 251)
   defining Unicode char U+00FC (decimal 252)
   defining Unicode char U+00FD (decimal 253)
   defining Unicode char U+00FE (decimal 254)
   defining Unicode char U+00FF (decimal 255)
   defining Unicode char U+0100 (decimal 256)
   defining Unicode char U+0101 (decimal 257)
   defining Unicode char U+0102 (decimal 258)
   defining Unicode char U+0103 (decimal 259)
   defining Unicode char U+0104 (decimal 260)
   defining Unicode char U+0105 (decimal 261)
   defining Unicode char U+0106 (decimal 262)
   defining Unicode char U+0107 (decimal 263)
   defining Unicode char U+0108 (decimal 264)
   defining Unicode char U+0109 (decimal 265)
   defining Unicode char U+010A (decimal 266)
   defining Unicode char U+010B (decimal 267)
   defining Unicode char U+010C (decimal 268)
   defining Unicode char U+010D (decimal 269)
   defining Unicode char U+010E (decimal 270)
   defining Unicode char U+010F (decimal 271)
   defining Unicode char U+0110 (decimal 272)
   defining Unicode char U+0111 (decimal 273)
   defining Unicode char U+0112 (decimal 274)
   defining Unicode char U+0113 (decimal 275)
   defining Unicode char U+0114 (decimal 276)
   defining Unicode char U+0115 (decimal 277)
   defining Unicode char U+0116 (decimal 278)
   defining Unicode char U+0117 (decimal 279)
   defining Unicode char U+0118 (decimal 280)
   defining Unicode char U+0119 (decimal 281)
   defining Unicode char U+011A (decimal 282)
   defining Unicode char U+011B (decimal 283)
   defining Unicode char U+011C (decimal 284)
   defining Unicode char U+011D (decimal 285)
   defining Unicode char U+011E (decimal 286)
   defining Unicode char U+011F (decimal 287)
   defining Unicode char U+0120 (decimal 288)
   defining Unicode char U+0121 (decimal 289)
   defining Unicode char U+0122 (decimal 290)
   defining Unicode char U+0123 (decimal 291)
   defining Unicode char U+0124 (decimal 292)
   defining Unicode char U+0125 (decimal 293)
   defining Unicode char U+0128 (decimal 296)
   defining Unicode char U+0129 (decimal 297)
   defining Unicode char U+012A (decimal 298)
   defining Unicode char U+012B (decimal 299)
   defining Unicode char U+012C (decimal 300)
   defining Unicode char U+012D (decimal 301)
   defining Unicode char U+012E (decimal 302)
   defining Unicode char U+012F (decimal 303)
   defining Unicode char U+0130 (decimal 304)
   defining Unicode char U+0131 (decimal 305)
   defining Unicode char U+0132 (decimal 306)
   defining Unicode char U+0133 (decimal 307)
   defining Unicode char U+0134 (decimal 308)
   defining Unicode char U+0135 (decimal 309)
   defining Unicode char U+0136 (decimal 310)
   defining Unicode char U+0137 (decimal 311)
   defining Unicode char U+0139 (decimal 313)
   defining Unicode char U+013A (decimal 314)
   defining Unicode char U+013B (decimal 315)
   defining Unicode char U+013C (decimal 316)
   defining Unicode char U+013D (decimal 317)
   defining Unicode char U+013E (decimal 318)
   defining Unicode char U+0141 (decimal 321)
   defining Unicode char U+0142 (decimal 322)
   defining Unicode char U+0143 (decimal 323)
   defining Unicode char U+0144 (decimal 324)
   defining Unicode char U+0145 (decimal 325)
   defining Unicode char U+0146 (decimal 326)
   defining Unicode char U+0147 (decimal 327)
   defining Unicode char U+0148 (decimal 328)
   defining Unicode char U+014A (decimal 330)
   defining Unicode char U+014B (decimal 331)
   defining Unicode char U+014C (decimal 332)
   defining Unicode char U+014D (decimal 333)
   defining Unicode char U+014E (decimal 334)
   defining Unicode char U+014F (decimal 335)
   defining Unicode char U+0150 (decimal 336)
   defining Unicode char U+0151 (decimal 337)
   defining Unicode char U+0152 (decimal 338)
   defining Unicode char U+0153 (decimal 339)
   defining Unicode char U+0154 (decimal 340)
   defining Unicode char U+0155 (decimal 341)
   defining Unicode char U+0156 (decimal 342)
   defining Unicode char U+0157 (decimal 343)
   defining Unicode char U+0158 (decimal 344)
   defining Unicode char U+0159 (decimal 345)
   defining Unicode char U+015A (decimal 346)
   defining Unicode char U+015B (decimal 347)
   defining Unicode char U+015C (decimal 348)
   defining Unicode char U+015D (decimal 349)
   defining Unicode char U+015E (decimal 350)
   defining Unicode char U+015F (decimal 351)
   defining Unicode char U+0160 (decimal 352)
   defining Unicode char U+0161 (decimal 353)
   defining Unicode char U+0162 (decimal 354)
   defining Unicode char U+0163 (decimal 355)
   defining Unicode char U+0164 (decimal 356)
   defining Unicode char U+0165 (decimal 357)
   defining Unicode char U+0168 (decimal 360)
   defining Unicode char U+0169 (decimal 361)
   defining Unicode char U+016A (decimal 362)
   defining Unicode char U+016B (decimal 363)
   defining Unicode char U+016C (decimal 364)
   defining Unicode char U+016D (decimal 365)
   defining Unicode char U+016E (decimal 366)
   defining Unicode char U+016F (decimal 367)
   defining Unicode char U+0170 (decimal 368)
   defining Unicode char U+0171 (decimal 369)
   defining Unicode char U+0172 (decimal 370)
   defining Unicode char U+0173 (decimal 371)
   defining Unicode char U+0174 (decimal 372)
   defining Unicode char U+0175 (decimal 373)
   defining Unicode char U+0176 (decimal 374)
   defining Unicode char U+0177 (decimal 375)
   defining Unicode char U+0178 (decimal 376)
   defining Unicode char U+0179 (decimal 377)
   defining Unicode char U+017A (decimal 378)
   defining Unicode char U+017B (decimal 379)
   defining Unicode char U+017C (decimal 380)
   defining Unicode char U+017D (decimal 381)
   defining Unicode char U+017E (decimal 382)
   defining Unicode char U+01CD (decimal 461)
   defining Unicode char U+01CE (decimal 462)
   defining Unicode char U+01CF (decimal 463)
   defining Unicode char U+01D0 (decimal 464)
   defining Unicode char U+01D1 (decimal 465)
   defining Unicode char U+01D2 (decimal 466)
   defining Unicode char U+01D3 (decimal 467)
   defining Unicode char U+01D4 (decimal 468)
   defining Unicode char U+01E2 (decimal 482)
   defining Unicode char U+01E3 (decimal 483)
   defining Unicode char U+01E6 (decimal 486)
   defining Unicode char U+01E7 (decimal 487)
   defining Unicode char U+01E8 (decimal 488)
   defining Unicode char U+01E9 (decimal 489)
   defining Unicode char U+01EA (decimal 490)
   defining Unicode char U+01EB (decimal 491)
   defining Unicode char U+01F0 (decimal 496)
   defining Unicode char U+01F4 (decimal 500)
   defining Unicode char U+01F5 (decimal 501)
   defining Unicode char U+0218 (decimal 536)
   defining Unicode char U+0219 (decimal 537)
   defining Unicode char U+021A (decimal 538)
   defining Unicode char U+021B (decimal 539)
   defining Unicode char U+1E02 (decimal 7682)
   defining Unicode char U+1E03 (decimal 7683)
   defining Unicode char U+200C (decimal 8204)
   defining Unicode char U+2010 (decimal 8208)
   defining Unicode char U+2011 (decimal 8209)
   defining Unicode char U+2012 (decimal 8210)
   defining Unicode char U+2013 (decimal 8211)
   defining Unicode char U+2014 (decimal 8212)
   defining Unicode char U+2015 (decimal 8213)
   defining Unicode char U+2018 (decimal 8216)
   defining Unicode char U+2019 (decimal 8217)
   defining Unicode char U+201A (decimal 8218)
   defining Unicode char U+201C (decimal 8220)
   defining Unicode char U+201D (decimal 8221)
   defining Unicode char U+201E (decimal 8222)
   defining Unicode char U+2030 (decimal 8240)
   defining Unicode char U+2031 (decimal 8241)
   defining Unicode char U+2039 (decimal 8249)
   defining Unicode char U+203A (decimal 8250)
   defining Unicode char U+2423 (decimal 9251)
)
Now handling font encoding OT1 ...
... processing UTF-8 mapping file for font encoding OT1

("C:\Program Files (x86)\MiKTeX 2.9\tex\latex\base\ot1enc.dfu"
File: ot1enc.dfu 2016/02/28 v1.1s UTF-8 support for inputenc
   defining Unicode char U+00A0 (decimal 160)
   defining Unicode char U+00A1 (decimal 161)
   defining Unicode char U+00A3 (decimal 163)
   defining Unicode char U+00AD (decimal 173)
   defining Unicode char U+00B8 (decimal 184)
   defining Unicode char U+00BF (decimal 191)
   defining Unicode char U+00C5 (decimal 197)
   defining Unicode char U+00C6 (decimal 198)
   defining Unicode char U+00D8 (decimal 216)
   defining Unicode char U+00DF (decimal 223)
   defining Unicode char U+00E6 (decimal 230)
   defining Unicode char U+00EC (decimal 236)
   defining Unicode char U+00ED (decimal 237)
   defining Unicode char U+00EE (decimal 238)
   defining Unicode char U+00EF (decimal 239)
   defining Unicode char U+00F8 (decimal 248)
   defining Unicode char U+0131 (decimal 305)
   defining Unicode char U+0141 (decimal 321)
   defining Unicode char U+0142 (decimal 322)
   defining Unicode char U+0152 (decimal 338)
   defining Unicode char U+0153 (decimal 339)
   defining Unicode char U+0174 (decimal 372)
   defining Unicode char U+0175 (decimal 373)
   defining Unicode char U+0176 (decimal 374)
   defining Unicode char U+0177 (decimal 375)
   defining Unicode char U+0218 (decimal 536)
   defining Unicode char U+0219 (decimal 537)
   defining Unicode char U+021A (decimal 538)
   defining Unicode char U+021B (decimal 539)
   defining Unicode char U+2013 (decimal 8211)
   defining Unicode char U+2014 (decimal 8212)
   defining Unicode char U+2018 (decimal 8216)
   defining Unicode char U+2019 (decimal 8217)
   defining Unicode char U+201C (decimal 8220)
   defining Unicode char U+201D (decimal 8221)
)
Now handling font encoding OMS ...
... processing UTF-8 mapping file for font encoding OMS

("C:\Program Files (x86)\MiKTeX 2.9\tex\latex\base\omsenc.dfu"
File: omsenc.dfu 2016/02/28 v1.1s UTF-8 support for inputenc
   defining Unicode char U+00A7 (decimal 167)
   defining Unicode char U+00B6 (decimal 182)
   defining Unicode char U+00B7 (decimal 183)
   defining Unicode char U+2020 (decimal 8224)
   defining Unicode char U+2021 (decimal 8225)
   defining Unicode char U+2022 (decimal 8226)
)
Now handling font encoding OMX ...
... no UTF-8 mapping file for font encoding OMX
Now handling font encoding U ...
... no UTF-8 mapping file for font encoding U
   defining Unicode char U+00A9 (decimal 169)
   defining Unicode char U+00AA (decimal 170)
   defining Unicode char U+00AE (decimal 174)
   defining Unicode char U+00BA (decimal 186)
   defining Unicode char U+02C6 (decimal 710)
   defining Unicode char U+02DC (decimal 732)
   defining Unicode char U+200C (decimal 8204)
   defining Unicode char U+2026 (decimal 8230)
   defining Unicode char U+2122 (decimal 8482)
   defining Unicode char U+2423 (decimal 9251)
))
("C:\Program Files (x86)\MiKTeX 2.9\tex\generic\babel\babel.sty"
Package: babel 2016/04/23 3.9r The Babel package

*************************************
* Local config file bblopts.cfg used
*
("C:\Program Files (x86)\MiKTeX 2.9\tex\latex\arabi\bblopts.cfg"
File: bblopts.cfg 2005/09/08 v0.1 add Arabic and Farsi to "declared" options of
 babel
)
("C:\Program Files (x86)\MiKTeX 2.9\tex\latex\babel-english\english.ldf"
Language: english 2012/08/20 v3.3p English support from the babel system

("C:\Program Files (x86)\MiKTeX 2.9\tex\generic\babel\babel.def"
File: babel.def 2016/04/23 3.9r Babel common definitions
\babel@savecnt=\count87
\U@D=\dimen103
)
\l@canadian = a dialect from \language\l@american 
\l@australian = a dialect from \language\l@british 
\l@newzealand = a dialect from \language\l@british 
))
("C:\Program Files (x86)\MiKTeX 2.9\tex\latex\preprint\fullpage.sty"
Package: fullpage 1999/02/23 1.1 (PWD)
\FP@margin=\skip43
)
("C:\Program Files (x86)\MiKTeX 2.9\tex\latex\amsmath\amsmath.sty"
Package: amsmath 2016/06/28 v2.15d AMS math features
\@mathmargin=\skip44

For additional information on amsmath, use the `?' option.
("C:\Program Files (x86)\MiKTeX 2.9\tex\latex\amsmath\amstext.sty"
Package: amstext 2000/06/29 v2.01 AMS text

("C:\Program Files (x86)\MiKTeX 2.9\tex\latex\amsmath\amsgen.sty"
File: amsgen.sty 1999/11/30 v2.0 generic functions
\@emptytoks=\toks16
\ex@=\dimen104
))
("C:\Program Files (x86)\MiKTeX 2.9\tex\latex\amsmath\amsbsy.sty"
Package: amsbsy 1999/11/29 v1.2d Bold Symbols
\pmbraise@=\dimen105
)
("C:\Program Files (x86)\MiKTeX 2.9\tex\latex\amsmath\amsopn.sty"
Package: amsopn 2016/03/08 v2.02 operator names
)
\inf@bad=\count88
LaTeX Info: Redefining \frac on input line 199.
\uproot@=\count89
\leftroot@=\count90
LaTeX Info: Redefining \overline on input line 297.
\classnum@=\count91
\DOTSCASE@=\count92
LaTeX Info: Redefining \ldots on input line 394.
LaTeX Info: Redefining \dots on input line 397.
LaTeX Info: Redefining \cdots on input line 518.
\Mathstrutbox@=\box26
\strutbox@=\box27
\big@size=\dimen106
LaTeX Font Info:    Redeclaring font encoding OML on input line 634.
LaTeX Font Info:    Redeclaring font encoding OMS on input line 635.
\macc@depth=\count93
\c@MaxMatrixCols=\count94
\dotsspace@=\muskip10
\c@parentequation=\count95
\dspbrk@lvl=\count96
\tag@help=\toks17
\row@=\count97
\column@=\count98
\maxfields@=\count99
\andhelp@=\toks18
\eqnshift@=\dimen107
\alignsep@=\dimen108
\tagshift@=\dimen109
\tagwidth@=\dimen110
\totwidth@=\dimen111
\lineht@=\dimen112
\@envbody=\toks19
\multlinegap=\skip45
\multlinetaggap=\skip46
\mathdisplay@stack=\toks20
LaTeX Info: Redefining \[ on input line 2739.
LaTeX Info: Redefining \] on input line 2740.
)
("C:\Program Files (x86)\MiKTeX 2.9\tex\latex\amsfonts\amsfonts.sty"
Package: amsfonts 2013/01/14 v3.01 Basic AMSFonts support
\symAMSa=\mathgroup4
\symAMSb=\mathgroup5
LaTeX Font Info:    Overwriting math alphabet `\mathfrak' in version `bold'
(Font)                  U/euf/m/n --> U/euf/b/n on input line 106.
)
("C:\Program Files (x86)\MiKTeX 2.9\tex\latex\amsfonts\amssymb.sty"
Package: amssymb 2013/01/14 v3.01 AMS font symbols
)
("C:\Program Files (x86)\MiKTeX 2.9\tex\latex\tools\verbatim.sty"
Package: verbatim 2014/10/28 v1.5q LaTeX2e package for verbatim enhancements
\every@verbatim=\toks21
\verbatim@line=\toks22
\verbatim@in@stream=\read1
)
("C:\Program Files (x86)\MiKTeX 2.9\tex\latex\listings\listings.sty"
("C:\Program Files (x86)\MiKTeX 2.9\tex\latex\graphics\keyval.sty"
Package: keyval 2014/10/28 v1.15 key=value parser (DPC)
\KV@toks@=\toks23
)
\lst@mode=\count100
\lst@gtempboxa=\box28
\lst@token=\toks24
\lst@length=\count101
\lst@currlwidth=\dimen113
\lst@column=\count102
\lst@pos=\count103
\lst@lostspace=\dimen114
\lst@width=\dimen115
\lst@newlines=\count104
\lst@lineno=\count105
\lst@maxwidth=\dimen116

("C:\Program Files (x86)\MiKTeX 2.9\tex\latex\listings\lstmisc.sty"
File: lstmisc.sty 2015/06/04 1.6 (Carsten Heinz)
\c@lstnumber=\count106
\lst@skipnumbers=\count107
\lst@framebox=\box29
)
("C:\Program Files (x86)\MiKTeX 2.9\tex\latex\listings\listings.cfg"
File: listings.cfg 2015/06/04 1.6 listings configuration
))
Package: listings 2015/06/04 1.6 (Carsten Heinz)

("C:\Program Files (x86)\MiKTeX 2.9\tex\latex\graphics\color.sty"
Package: color 2016/07/10 v1.1e Standard LaTeX Color (DPC)

("C:\Program Files (x86)\MiKTeX 2.9\tex\latex\00miktex\color.cfg"
File: color.cfg 2016/01/02 v1.6 sample color configuration
)
Package color Info: Driver file: pdftex.def on input line 147.

("C:\Program Files (x86)\MiKTeX 2.9\tex\latex\graphics-def\pdftex.def"
File: pdftex.def 2016/07/10 v0.06j Graphics/color for pdfTeX

("C:\Program Files (x86)\MiKTeX 2.9\tex\generic\oberdiek\infwarerr.sty"
Package: infwarerr 2016/05/16 v1.4 Providing info/warning/error messages (HO)
)
("C:\Program Files (x86)\MiKTeX 2.9\tex\generic\oberdiek\ltxcmds.sty"
Package: ltxcmds 2016/05/16 v1.23 LaTeX kernel commands for general use (HO)
)
\Gread@gobject=\count108
))
("C:\Program Files (x86)\MiKTeX 2.9\tex\latex\setspace\setspace.sty"
Package: setspace 2011/12/19 v6.7a set line spacing
)
("C:\Program Files (x86)\MiKTeX 2.9\tex\latex\oberdiek\epstopdf.sty"
Package: epstopdf 2016/05/15 v2.6 Conversion with epstopdf on the fly (HO)

("C:\Program Files (x86)\MiKTeX 2.9\tex\latex\oberdiek\epstopdf-base.sty"
Package: epstopdf-base 2016/05/15 v2.6 Base part for package epstopdf

("C:\Program Files (x86)\MiKTeX 2.9\tex\latex\oberdiek\grfext.sty"
Package: grfext 2016/05/16 v1.2 Manage graphics extensions (HO)

("C:\Program Files (x86)\MiKTeX 2.9\tex\generic\oberdiek\kvdefinekeys.sty"
Package: kvdefinekeys 2016/05/16 v1.4 Define keys (HO)
))
("C:\Program Files (x86)\MiKTeX 2.9\tex\latex\oberdiek\kvoptions.sty"
Package: kvoptions 2016/05/16 v3.12 Key value format for package options (HO)

("C:\Program Files (x86)\MiKTeX 2.9\tex\generic\oberdiek\kvsetkeys.sty"
Package: kvsetkeys 2016/05/16 v1.17 Key value parser (HO)

("C:\Program Files (x86)\MiKTeX 2.9\tex\generic\oberdiek\etexcmds.sty"
Package: etexcmds 2016/05/16 v1.6 Avoid name clashes with e-TeX commands (HO)

("C:\Program Files (x86)\MiKTeX 2.9\tex\generic\oberdiek\ifluatex.sty"
Package: ifluatex 2016/05/16 v1.4 Provides the ifluatex switch (HO)
Package ifluatex Info: LuaTeX not detected.
)
Package etexcmds Info: Could not find \expanded.
(etexcmds)             That can mean that you are not using pdfTeX 1.50 or
(etexcmds)             that some package has redefined \expanded.
(etexcmds)             In the latter case, load this package earlier.
)))
("C:\Program Files (x86)\MiKTeX 2.9\tex\generic\oberdiek\pdftexcmds.sty"
Package: pdftexcmds 2016/05/21 v0.22 Utility functions of pdfTeX for LuaTeX (HO
)

("C:\Program Files (x86)\MiKTeX 2.9\tex\generic\oberdiek\ifpdf.sty"
Package: ifpdf 2016/05/14 v3.1 Provides the ifpdf switch
)
Package pdftexcmds Info: LuaTeX not detected.
Package pdftexcmds Info: \pdf@primitive is available.
Package pdftexcmds Info: \pdf@ifprimitive is available.
Package pdftexcmds Info: \pdfdraftmode found.
)

Package epstopdf Warning: No graphics package `graphic{s,x}' loaded.

)) ("C:\Program Files (x86)\MiKTeX 2.9\tex\latex\graphics\graphicx.sty"
Package: graphicx 2014/10/28 v1.0g Enhanced LaTeX Graphics (DPC,SPQR)

("C:\Program Files (x86)\MiKTeX 2.9\tex\latex\graphics\graphics.sty"
Package: graphics 2016/07/10 v1.0t Standard LaTeX Graphics (DPC,SPQR)

("C:\Program Files (x86)\MiKTeX 2.9\tex\latex\graphics\trig.sty"
Package: trig 2016/01/03 v1.10 sin cos tan (DPC)
)
("C:\Program Files (x86)\MiKTeX 2.9\tex\latex\00miktex\graphics.cfg"
File: graphics.cfg 2016/06/04 v1.11 sample graphics configuration
)
Package graphics Info: Driver file: pdftex.def on input line 99.
)
\Gin@req@height=\dimen117
\Gin@req@width=\dimen118
)
("C:\Program Files (x86)\MiKTeX 2.9\tex\latex\caption\caption.sty"
Package: caption 2016/02/21 v3.3-144 Customizing captions (AR)

("C:\Program Files (x86)\MiKTeX 2.9\tex\latex\caption\caption3.sty"
Package: caption3 2016/05/22 v1.7-166 caption3 kernel (AR)
Package caption3 Info: TeX engine: e-TeX on input line 67.
\captionmargin=\dimen119
\captionmargin@=\dimen120
\captionwidth=\dimen121
\caption@tempdima=\dimen122
\caption@indent=\dimen123
\caption@parindent=\dimen124
\caption@hangindent=\dimen125
)
\c@ContinuedFloat=\count109
Package caption Info: listings package is loaded.
)
("C:\Program Files (x86)\MiKTeX 2.9\tex\latex\caption\subcaption.sty"
Package: subcaption 2016/05/22 v1.1-161 Sub-captions (AR)
\c@subfigure=\count110
\c@subtable=\count111
)
("C:\Program Files (x86)\MiKTeX 2.9\tex\latex\float\float.sty"
Package: float 2001/11/08 v1.3d Float enhancements (AL)
\c@float@type=\count112
\float@exts=\toks25
\float@box=\box30
\@float@everytoks=\toks26
\@floatcapt=\box31
)
("C:\Program Files (x86)\MiKTeX 2.9\tex\latex\hyperref\hyperref.sty"
Package: hyperref 2016/06/24 v6.83q Hypertext links for LaTeX

("C:\Program Files (x86)\MiKTeX 2.9\tex\generic\oberdiek\hobsub-hyperref.sty"
Package: hobsub-hyperref 2016/05/16 v1.14 Bundle oberdiek, subset hyperref (HO)


("C:\Program Files (x86)\MiKTeX 2.9\tex\generic\oberdiek\hobsub-generic.sty"
Package: hobsub-generic 2016/05/16 v1.14 Bundle oberdiek, subset generic (HO)
Package: hobsub 2016/05/16 v1.14 Construct package bundles (HO)
Package hobsub Info: Skipping package `infwarerr' (already loaded).
Package hobsub Info: Skipping package `ltxcmds' (already loaded).
Package hobsub Info: Skipping package `ifluatex' (already loaded).
Package: ifvtex 2016/05/16 v1.6 Detect VTeX and its facilities (HO)
Package ifvtex Info: VTeX not detected.
Package: intcalc 2016/05/16 v1.2 Expandable calculations with integers (HO)
Package hobsub Info: Skipping package `ifpdf' (already loaded).
Package hobsub Info: Skipping package `etexcmds' (already loaded).
Package hobsub Info: Skipping package `kvsetkeys' (already loaded).
Package hobsub Info: Skipping package `kvdefinekeys' (already loaded).
Package hobsub Info: Skipping package `pdftexcmds' (already loaded).
Package: pdfescape 2016/05/16 v1.14 Implements pdfTeX's escape features (HO)
Package: bigintcalc 2016/05/16 v1.4 Expandable calculations on big integers (HO
)
Package: bitset 2016/05/16 v1.2 Handle bit-vector datatype (HO)
Package: uniquecounter 2016/05/16 v1.3 Provide unlimited unique counter (HO)
)
Package hobsub Info: Skipping package `hobsub' (already loaded).
Package: letltxmacro 2016/05/16 v1.5 Let assignment for LaTeX macros (HO)
Package: hopatch 2016/05/16 v1.3 Wrapper for package hooks (HO)
Package: xcolor-patch 2016/05/16 xcolor patch
Package: atveryend 2016/05/16 v1.9 Hooks at the very end of document (HO)
Package atveryend Info: \enddocument detected (standard20110627).
Package: atbegshi 2016/06/09 v1.18 At begin shipout hook (HO)
Package: refcount 2016/05/16 v3.5 Data extraction from label references (HO)
Package: hycolor 2016/05/16 v1.8 Color options for hyperref/bookmark (HO)
)
("C:\Program Files (x86)\MiKTeX 2.9\tex\generic\ifxetex\ifxetex.sty"
Package: ifxetex 2010/09/12 v0.6 Provides ifxetex conditional
)
("C:\Program Files (x86)\MiKTeX 2.9\tex\latex\oberdiek\auxhook.sty"
Package: auxhook 2016/05/16 v1.4 Hooks for auxiliary files (HO)
)
\@linkdim=\dimen126
\Hy@linkcounter=\count113
\Hy@pagecounter=\count114

("C:\Program Files (x86)\MiKTeX 2.9\tex\latex\hyperref\pd1enc.def"
File: pd1enc.def 2016/06/24 v6.83q Hyperref: PDFDocEncoding definition (HO)
Now handling font encoding PD1 ...
... no UTF-8 mapping file for font encoding PD1
)
\Hy@SavedSpaceFactor=\count115

("C:\Program Files (x86)\MiKTeX 2.9\tex\latex\00miktex\hyperref.cfg"
File: hyperref.cfg 2002/06/06 v1.2 hyperref configuration of TeXLive
)
Package hyperref Info: Hyper figures OFF on input line 4486.
Package hyperref Info: Link nesting OFF on input line 4491.
Package hyperref Info: Hyper index ON on input line 4494.
Package hyperref Info: Plain pages OFF on input line 4501.
Package hyperref Info: Backreferencing OFF on input line 4506.
Package hyperref Info: Implicit mode ON; LaTeX internals redefined.
Package hyperref Info: Bookmarks ON on input line 4735.
\c@Hy@tempcnt=\count116

("C:\Program Files (x86)\MiKTeX 2.9\tex\latex\url\url.sty"
\Urlmuskip=\muskip11
Package: url 2013/09/16  ver 3.4  Verb mode for urls, etc.
)
LaTeX Info: Redefining \url on input line 5088.
\XeTeXLinkMargin=\dimen127
\Fld@menulength=\count117
\Field@Width=\dimen128
\Fld@charsize=\dimen129
Package hyperref Info: Hyper figures OFF on input line 6342.
Package hyperref Info: Link nesting OFF on input line 6347.
Package hyperref Info: Hyper index ON on input line 6350.
Package hyperref Info: backreferencing OFF on input line 6357.
Package hyperref Info: Link coloring OFF on input line 6362.
Package hyperref Info: Link coloring with OCG OFF on input line 6367.
Package hyperref Info: PDF/A mode OFF on input line 6372.
LaTeX Info: Redefining \ref on input line 6412.
LaTeX Info: Redefining \pageref on input line 6416.
\Hy@abspage=\count118
\c@Item=\count119
\c@Hfootnote=\count120
)

Package hyperref Message: Driver (autodetected): hpdftex.

("C:\Program Files (x86)\MiKTeX 2.9\tex\latex\hyperref\hpdftex.def"
File: hpdftex.def 2016/06/24 v6.83q Hyperref driver for pdfTeX
\Fld@listcount=\count121
\c@bookmark@seq@number=\count122

("C:\Program Files (x86)\MiKTeX 2.9\tex\latex\oberdiek\rerunfilecheck.sty"
Package: rerunfilecheck 2016/05/16 v1.8 Rerun checks for auxiliary files (HO)
Package uniquecounter Info: New unique counter `rerunfilecheck' on input line 2
82.
)
\Hy@SectionHShift=\skip47
)
("C:\Program Files (x86)\MiKTeX 2.9\tex\latex\doublestroke\dsfont.sty"
Package: dsfont 1995/08/01 v0.1 Double stroke roman fonts
)
("C:\Program Files (x86)\MiKTeX 2.9\tex\latex\braket\braket.sty")
(SSB_report.aux)
\openout1 = `SSB_report.aux'.

LaTeX Font Info:    Checking defaults for OML/cmm/m/it on input line 119.
LaTeX Font Info:    ... okay on input line 119.
LaTeX Font Info:    Checking defaults for T1/cmr/m/n on input line 119.
LaTeX Font Info:    ... okay on input line 119.
LaTeX Font Info:    Checking defaults for OT1/cmr/m/n on input line 119.
LaTeX Font Info:    ... okay on input line 119.
LaTeX Font Info:    Checking defaults for OMS/cmsy/m/n on input line 119.
LaTeX Font Info:    ... okay on input line 119.
LaTeX Font Info:    Checking defaults for OMX/cmex/m/n on input line 119.
LaTeX Font Info:    ... okay on input line 119.
LaTeX Font Info:    Checking defaults for U/cmr/m/n on input line 119.
LaTeX Font Info:    ... okay on input line 119.
LaTeX Font Info:    Checking defaults for PD1/pdf/m/n on input line 119.
LaTeX Font Info:    ... okay on input line 119.
\c@lstlisting=\count123

("C:\Program Files (x86)\MiKTeX 2.9\tex\context\base\supp-pdf.mkii"
[Loading MPS to PDF converter (version 2006.09.02).]
\scratchcounter=\count124
\scratchdimen=\dimen130
\scratchbox=\box32
\nofMPsegments=\count125
\nofMParguments=\count126
\everyMPshowfont=\toks27
\MPscratchCnt=\count127
\MPscratchDim=\dimen131
\MPnumerator=\count128
\makeMPintoPDFobject=\count129
\everyMPtoPDFconversion=\toks28
)
Package caption Info: Begin \AtBeginDocument code.
Package caption Info: float package is loaded.
Package caption Info: hyperref package is loaded.
Package caption Info: End \AtBeginDocument code.
\AtBeginShipoutBox=\box33
Package hyperref Info: Link coloring OFF on input line 119.
 ("C:\Program Files (x86)\MiKTeX 2.9\tex\latex\hyperref\nameref.sty"
Package: nameref 2016/05/21 v2.44 Cross-referencing by name of section

("C:\Program Files (x86)\MiKTeX 2.9\tex\generic\oberdiek\gettitlestring.sty"
Package: gettitlestring 2016/05/16 v1.5 Cleanup title references (HO)
)
\c@section@level=\count130
)
LaTeX Info: Redefining \ref on input line 119.
LaTeX Info: Redefining \pageref on input line 119.
LaTeX Info: Redefining \nameref on input line 119.

(SSB_report.out) (SSB_report.out)
\@outlinefile=\write3
\openout3 = `SSB_report.out'.

LaTeX Font Info:    Try loading font information for U+msa on input line 122.

("C:\Program Files (x86)\MiKTeX 2.9\tex\latex\amsfonts\umsa.fd"
File: umsa.fd 2013/01/14 v3.01 AMS symbols A
)
LaTeX Font Info:    Try loading font information for U+msb on input line 122.

("C:\Program Files (x86)\MiKTeX 2.9\tex\latex\amsfonts\umsb.fd"
File: umsb.fd 2013/01/14 v3.01 AMS symbols B
)
<frontpage.png, id=155, 578.16pt x 433.62pt>
File: frontpage.png Graphic file (type png)
 <use frontpage.png>
Package pdftex.def Info: frontpage.png used on input line 126.
(pdftex.def)             Requested size: 260.16959pt x 195.1272pt.
 [1

{C:/ProgramData/MiKTeX/2.9/pdftex/config/pdftex.map} <./frontpage.png>] (SSB_re
port.toc)
\tf@toc=\write4
\openout4 = `SSB_report.toc'.


[2] <../figs/temp_vs_h.png, id=217, 578.16pt x 433.62pt>
File: ../figs/temp_vs_h.png Graphic file (type png)

<use ../figs/temp_vs_h.png>
Package pdftex.def Info: ../figs/temp_vs_h.png used on input line 156.
(pdftex.def)             Requested size: 242.82555pt x 182.11916pt.

<../figs/totpress_vs_m.png, id=218, 578.16pt x 433.62pt>
File: ../figs/totpress_vs_m.png Graphic file (type png)

<use ../figs/totpress_vs_m.png>
Package pdftex.def Info: ../figs/totpress_vs_m.png used on input line 168.
(pdftex.def)             Requested size: 242.82555pt x 182.11916pt.

Overfull \hbox (20.86879pt too wide) in paragraph at lines 168--169
[][] 
 []

<../figs/totpress_vs_m_log.png, id=219, 578.16pt x 433.62pt>
File: ../figs/totpress_vs_m_log.png Graphic file (type png)

<use ../figs/totpress_vs_m_log.png>
Package pdftex.def Info: ../figs/totpress_vs_m_log.png used on input line 173.
(pdftex.def)             Requested size: 242.82555pt x 182.11916pt.

Overfull \hbox (20.86879pt too wide) in paragraph at lines 173--174
[][] 
 []

[3 <../figs/temp_vs_h.png>]
<../figs/ratio_Hmassdens_of_dens_vs_h.png, id=228, 578.16pt x 433.62pt>
File: ../figs/ratio_Hmassdens_of_dens_vs_h.png Graphic file (type png)

<use ../figs/ratio_Hmassdens_of_dens_vs_h.png>
Package pdftex.def Info: ../figs/ratio_Hmassdens_of_dens_vs_h.png used on input
 line 186.
(pdftex.def)             Requested size: 242.82555pt x 182.11916pt.

Overfull \hbox (20.86879pt too wide) in paragraph at lines 186--187
[][] 
 []

<../figs/ratio_HHemassdens_of_dens_vs_h.png, id=229, 578.16pt x 433.62pt>
File: ../figs/ratio_HHemassdens_of_dens_vs_h.png Graphic file (type png)

<use ../figs/ratio_HHemassdens_of_dens_vs_h.png>
Package pdftex.def Info: ../figs/ratio_HHemassdens_of_dens_vs_h.png used on inp
ut line 191.
(pdftex.def)             Requested size: 242.82555pt x 182.11916pt.

Overfull \hbox (20.86879pt too wide) in paragraph at lines 191--192
[][] 
 []

[4 <../figs/totpress_vs_m.png> <../figs/totpress_vs_m_log.png>]
<../figs/colm_vs_h.png, id=244, 578.16pt x 433.62pt>
File: ../figs/colm_vs_h.png Graphic file (type png)

<use ../figs/colm_vs_h.png>
Package pdftex.def Info: ../figs/colm_vs_h.png used on input line 204.
(pdftex.def)             Requested size: 242.82555pt x 182.11916pt.

Overfull \hbox (20.86879pt too wide) in paragraph at lines 204--205
[][] 
 []

<../figs/colm_vs_h_log.png, id=245, 578.16pt x 433.62pt>
File: ../figs/colm_vs_h_log.png Graphic file (type png)

<use ../figs/colm_vs_h_log.png>
Package pdftex.def Info: ../figs/colm_vs_h_log.png used on input line 209.
(pdftex.def)             Requested size: 242.82555pt x 182.11916pt.

Overfull \hbox (20.86879pt too wide) in paragraph at lines 209--210
[][] 
 []

[5 <../figs/ratio_Hmassdens_of_dens_vs_h.png> <../figs/ratio_HHemassdens_of_den
s_vs_h.png>] <../figs/gasdens_vs_h.png, id=253, 578.16pt x 433.62pt>
File: ../figs/gasdens_vs_h.png Graphic file (type png)

<use ../figs/gasdens_vs_h.png>
Package pdftex.def Info: ../figs/gasdens_vs_h.png used on input line 220.
(pdftex.def)             Requested size: 242.82555pt x 182.11916pt.
 [6 <../figs/colm_vs_h.png> <../figs/colm_vs_h_log.png> <../figs/gasdens_vs_h.p
ng>]
<../figs/gasP_vs_h.png, id=264, 578.16pt x 433.62pt>
File: ../figs/gasP_vs_h.png Graphic file (type png)

<use ../figs/gasP_vs_h.png>
Package pdftex.def Info: ../figs/gasP_vs_h.png used on input line 236.
(pdftex.def)             Requested size: 242.82555pt x 182.11916pt.

Overfull \hbox (20.86879pt too wide) in paragraph at lines 236--237
[][] 
 []

<../figs/gasP_vs_h_ideal.png, id=265, 578.16pt x 433.62pt>
File: ../figs/gasP_vs_h_ideal.png Graphic file (type png)

<use ../figs/gasP_vs_h_ideal.png>
Package pdftex.def Info: ../figs/gasP_vs_h_ideal.png used on input line 241.
(pdftex.def)             Requested size: 242.82555pt x 182.11916pt.

Overfull \hbox (20.86879pt too wide) in paragraph at lines 241--242
[][] 
 []

<../figs/dens_comp.png, id=266, 578.16pt x 433.62pt>
File: ../figs/dens_comp.png Graphic file (type png)

<use ../figs/dens_comp.png>
Package pdftex.def Info: ../figs/dens_comp.png used on input line 253.
(pdftex.def)             Requested size: 242.82555pt x 182.11916pt.
 [7 <../figs/gasP_vs_h.png> <../figs/gasP_vs_h_ideal.png>] <../figs/ion_frac.pn
g, id=278, 578.16pt x 433.62pt>
File: ../figs/ion_frac.png Graphic file (type png)

<use ../figs/ion_frac.png>
Package pdftex.def Info: ../figs/ion_frac.png used on input line 266.
(pdftex.def)             Requested size: 242.82555pt x 182.11916pt.
 [8 <../figs/dens_comp.png>] [9 <../figs/ion_frac.png>] <../figs/earth_temp.png
, id=291, 578.16pt x 433.62pt>
File: ../figs/earth_temp.png Graphic file (type png)

<use ../figs/earth_temp.png>
Package pdftex.def Info: ../figs/earth_temp.png used on input line 300.
(pdftex.def)             Requested size: 242.82555pt x 182.11916pt.

Overfull \hbox (20.86879pt too wide) in paragraph at lines 300--301
[][] 
 []

<../figs/earth_pressure.png, id=292, 578.16pt x 433.62pt>
File: ../figs/earth_pressure.png Graphic file (type png)

<use ../figs/earth_pressure.png>
Package pdftex.def Info: ../figs/earth_pressure.png used on input line 305.
(pdftex.def)             Requested size: 242.82555pt x 182.11916pt.

Overfull \hbox (20.86879pt too wide) in paragraph at lines 305--306
[][] 
 []

<../figs/earth_pardens.png, id=293, 578.16pt x 433.62pt>
File: ../figs/earth_pardens.png Graphic file (type png)

<use ../figs/earth_pardens.png>
Package pdftex.def Info: ../figs/earth_pardens.png used on input line 309.
(pdftex.def)             Requested size: 242.82555pt x 182.11916pt.

Overfull \hbox (20.86879pt too wide) in paragraph at lines 309--310
[][] 
 []

<../figs/earth_gasdens.png, id=294, 578.16pt x 433.62pt>
File: ../figs/earth_gasdens.png Graphic file (type png)

<use ../figs/earth_gasdens.png>
Package pdftex.def Info: ../figs/earth_gasdens.png used on input line 314.
(pdftex.def)             Requested size: 242.82555pt x 182.11916pt.

Overfull \hbox (20.86879pt too wide) in paragraph at lines 314--315
[][] 
 []

<../figs/earth_pres_dens_vs_h.png, id=295, 578.16pt x 433.62pt>
File: ../figs/earth_pres_dens_vs_h.png Graphic file (type png)

<use ../figs/earth_pres_dens_vs_h.png>
Package pdftex.def Info: ../figs/earth_pres_dens_vs_h.png used on input line 32
5.
(pdftex.def)             Requested size: 242.82555pt x 182.11916pt.
 [10 <../figs/earth_temp.png> <../figs/earth_pressure.png> <../figs/earth_parde
ns.png> <../figs/earth_gasdens.png>]
<../figs/earth_meanmolweight.png, id=305, 578.16pt x 433.62pt>
File: ../figs/earth_meanmolweight.png Graphic file (type png)

<use ../figs/earth_meanmolweight.png>
Package pdftex.def Info: ../figs/earth_meanmolweight.png used on input line 334
.
(pdftex.def)             Requested size: 242.82555pt x 182.11916pt.

<../figs/earth_densityscales.png, id=306, 578.16pt x 433.62pt>
File: ../figs/earth_densityscales.png Graphic file (type png)

<use ../figs/earth_densityscales.png>
Package pdftex.def Info: ../figs/earth_densityscales.png used on input line 343
.
(pdftex.def)             Requested size: 242.82555pt x 182.11916pt.
 [11 <../figs/earth_pres_dens_vs_h.png> <../figs/earth_meanmolweight.png>] [12 
<../figs/earth_densityscales.png>]
<../figs/2obs_sol_cont.png, id=321, 578.16pt x 433.62pt>
File: ../figs/2obs_sol_cont.png Graphic file (type png)

<use ../figs/2obs_sol_cont.png>
Package pdftex.def Info: ../figs/2obs_sol_cont.png used on input line 384.
(pdftex.def)             Requested size: 242.82555pt x 182.11916pt.

Overfull \hbox (20.86879pt too wide) in paragraph at lines 384--385
[][] 
 []

<../figs/2obs_sol_cont_freq.png, id=322, 578.16pt x 433.62pt>
File: ../figs/2obs_sol_cont_freq.png Graphic file (type png)

<use ../figs/2obs_sol_cont_freq.png>
Package pdftex.def Info: ../figs/2obs_sol_cont_freq.png used on input line 389.

(pdftex.def)             Requested size: 242.82555pt x 182.11916pt.

Overfull \hbox (20.86879pt too wide) in paragraph at lines 389--390
[][] 
 []

<../figs/2obs_planck.png, id=323, 578.16pt x 433.62pt>
File: ../figs/2obs_planck.png Graphic file (type png)

<use ../figs/2obs_planck.png>
Package pdftex.def Info: ../figs/2obs_planck.png used on input line 400.
(pdftex.def)             Requested size: 242.82555pt x 182.11916pt.
 [13 <../figs/2obs_sol_cont.png> <../figs/2obs_sol_cont_freq.png>] <../figs/2ob
s_Tb.png, id=332, 578.16pt x 433.62pt>
File: ../figs/2obs_Tb.png Graphic file (type png)

<use ../figs/2obs_Tb.png>
Package pdftex.def Info: ../figs/2obs_Tb.png used on input line 409.
(pdftex.def)             Requested size: 242.82555pt x 182.11916pt.

<../figs/2cont_ext_gray.png, id=333, 578.16pt x 433.62pt>
File: ../figs/2cont_ext_gray.png Graphic file (type png)

<use ../figs/2cont_ext_gray.png>
Package pdftex.def Info: ../figs/2cont_ext_gray.png used on input line 420.
(pdftex.def)             Requested size: 242.82555pt x 182.11916pt.
 [14 <../figs/2obs_planck.png> <../figs/2obs_Tb.png>]
File: ../figs/2obs_Tb.png Graphic file (type png)
 <use ../figs/2obs_Tb.png>
Package pdftex.def Info: ../figs/2obs_Tb.png used on input line 431.
(pdftex.def)             Requested size: 242.82555pt x 182.11916pt.

Overfull \hbox (20.86879pt too wide) in paragraph at lines 431--432
[][] 
 []

<../figs/2cont_ext_Tb.png, id=342, 578.16pt x 433.62pt>
File: ../figs/2cont_ext_Tb.png Graphic file (type png)

<use ../figs/2cont_ext_Tb.png>
Package pdftex.def Info: ../figs/2cont_ext_Tb.png used on input line 436.
(pdftex.def)             Requested size: 242.82555pt x 182.11916pt.

Overfull \hbox (20.86879pt too wide) in paragraph at lines 436--437
[][] 
 []

<../figs/2cont_ext_over_h_thom.png, id=343, 578.16pt x 433.62pt>
File: ../figs/2cont_ext_over_h_thom.png Graphic file (type png)

<use ../figs/2cont_ext_over_h_thom.png>
Package pdftex.def Info: ../figs/2cont_ext_over_h_thom.png used on input line 4
47.
(pdftex.def)             Requested size: 242.82555pt x 182.11916pt.
 [15 <../figs/2cont_ext_gray.png> <../figs/2cont_ext_Tb.png>] <../figs/2opt_dep
th.png, id=352, 578.16pt x 433.62pt>
File: ../figs/2opt_depth.png Graphic file (type png)

<use ../figs/2opt_depth.png>
Package pdftex.def Info: ../figs/2opt_depth.png used on input line 457.
(pdftex.def)             Requested size: 242.82555pt x 182.11916pt.

<../figs/2emer_peaknormcont_vs_h_wls.png, id=353, 578.16pt x 433.62pt>
File: ../figs/2emer_peaknormcont_vs_h_wls.png Graphic file (type png)

<use ../figs/2emer_peaknormcont_vs_h_wls.png>
Package pdftex.def Info: ../figs/2emer_peaknormcont_vs_h_wls.png used on input 
line 466.
(pdftex.def)             Requested size: 242.82555pt x 182.11916pt.
 [16 <../figs/2cont_ext_over_h_thom.png> <../figs/2opt_depth.png>]
<../figs/2disk_center_int.png, id=362, 578.16pt x 433.62pt>
File: ../figs/2disk_center_int.png Graphic file (type png)

<use ../figs/2disk_center_int.png>
Package pdftex.def Info: ../figs/2disk_center_int.png used on input line 476.
(pdftex.def)             Requested size: 242.82555pt x 182.11916pt.

<../figs/2disk_limbdark.png, id=363, 578.16pt x 433.62pt>
File: ../figs/2disk_limbdark.png Graphic file (type png)

<use ../figs/2disk_limbdark.png>
Package pdftex.def Info: ../figs/2disk_limbdark.png used on input line 484.
(pdftex.def)             Requested size: 242.82555pt x 182.11916pt.
 [17 <../figs/2emer_peaknormcont_vs_h_wls.png> <../figs/2disk_center_int.png>]
<../figs/2flux.png, id=372, 578.16pt x 433.62pt>
File: ../figs/2flux.png Graphic file (type png)
 <use ../figs/2flux.png>
Package pdftex.def Info: ../figs/2flux.png used on input line 493.
(pdftex.def)             Requested size: 242.82555pt x 182.11916pt.

<../figs/3vac_wvl_min.png, id=373, 578.16pt x 433.62pt>
File: ../figs/3vac_wvl_min.png Graphic file (type png)

<use ../figs/3vac_wvl_min.png>
Package pdftex.def Info: ../figs/3vac_wvl_min.png used on input line 503.
(pdftex.def)             Requested size: 242.82555pt x 182.11916pt.


LaTeX Warning: Command \r invalid in math mode on input line 505.

Missing character: There is no Å in font cmr10!

LaTeX Warning: Command \r invalid in math mode on input line 505.

Missing character: There is no Å in font cmr10!

LaTeX Warning: Command \r invalid in math mode on input line 505.

Missing character: There is no Å in font cmr10!

LaTeX Warning: Command \r invalid in math mode on input line 505.

Missing character: There is no Å in font cmr10!
[18 <../figs/2disk_limbdark.png> <../figs/2flux.png>]

Package hyperref Warning: Token not allowed in a PDF string (PDFDocEncoding):
(hyperref)                removing `math shift' on input line 508.


Package hyperref Warning: Token not allowed in a PDF string (PDFDocEncoding):
(hyperref)                removing `subscript' on input line 508.


Package hyperref Warning: Token not allowed in a PDF string (PDFDocEncoding):
(hyperref)                removing `math shift' on input line 508.

<../figs/3NaDspectrum.png, id=382, 578.16pt x 433.62pt>
File: ../figs/3NaDspectrum.png Graphic file (type png)

<use ../figs/3NaDspectrum.png>
Package pdftex.def Info: ../figs/3NaDspectrum.png used on input line 512.
(pdftex.def)             Requested size: 242.82555pt x 182.11916pt.
 [19 <../figs/3vac_wvl_min.png> <../figs/3NaDspectrum.png>]
LaTeX Font Info:    Try loading font information for T1+cmtt on input line 527.

 ("C:\Program Files (x86)\MiKTeX 2.9\tex\latex\base\t1cmtt.fd"
File: t1cmtt.fd 2014/09/29 v2.5h Standard LaTeX font definitions
)
Package atveryend Info: Empty hook `BeforeClearDocument' on input line 535.

[20]
Package atveryend Info: Empty hook `AfterLastShipout' on input line 535.
 (SSB_report.aux)
Package atveryend Info: Executing hook `AtVeryEndDocument' on input line 535.
Package atveryend Info: Executing hook `AtEndAfterFileList' on input line 535.
Package rerunfilecheck Info: File `SSB_report.out' has not changed.
(rerunfilecheck)             Checksum: 7D66DD4DBEE3BB87A71D4FFE5D1AA60D;3207.
Package atveryend Info: Empty hook `AtVeryVeryEnd' on input line 535.
 ) 
Here is how much of TeX's memory you used:
 9755 strings out of 493334
 144521 string characters out of 3136669
 235726 words of memory out of 3000000
 12992 multiletter control sequences out of 15000+200000
 22647 words of font info for 61 fonts, out of 3000000 for 9000
 1141 hyphenation exceptions out of 8191
 42i,13n,42p,1362b,544s stack positions out of 5000i,500n,10000p,200000b,50000s
 <C:\Users\Boffen\AppData\Local\MiKTeX\2.9\fonts\pk\ljfour\jknappen\ec\dpi600
\ectt1095.pk> <C:\Users\Boffen\AppData\Local\MiKTeX\2.9\fonts\pk\ljfour\jknappe
n\ec\dpi600\ecrm0600.pk> <C:\Users\Boffen\AppData\Local\MiKTeX\2.9\fonts\pk\ljf
our\jknappen\ec\dpi600\ecrm0800.pk> <C:\Users\Boffen\AppData\Local\MiKTeX\2.9\f
onts\pk\ljfour\jknappen\ec\dpi600\ecbx1200.pk> <C:\Users\Boffen\AppData\Local\M
iKTeX\2.9\fonts\pk\ljfour\jknappen\ec\dpi600\ecbx1440.pk> <C:\Users\Boffen\AppD
ata\Local\MiKTeX\2.9\fonts\pk\ljfour\jknappen\ec\dpi600\ecrm1000.pk> <C:\Users\
Boffen\AppData\Local\MiKTeX\2.9\fonts\pk\ljfour\jknappen\ec\dpi600\ecbx1000.pk>
 <C:\Users\Boffen\AppData\Local\MiKTeX\2.9\fonts\pk\ljfour\jknappen\ec\dpi600\e
crm1200.pk> <C:\Users\Boffen\AppData\Local\MiKTeX\2.9\fonts\pk\ljfour\jknappen\
ec\dpi600\ecbx0800.pk> <C:\Users\Boffen\AppData\Local\MiKTeX\2.9\fonts\pk\ljfou
r\jknappen\ec\dpi600\ecbx1095.pk> <C:\Users\Boffen\AppData\Local\MiKTeX\2.9\fon
ts\pk\ljfour\jknappen\ec\dpi600\ecrm2074.pk> <C:\Users\Boffen\AppData\Local\MiK
TeX\2.9\fonts\pk\ljfour\jknappen\ec\dpi600\ecrm1095.pk><C:/Program Files (x86)/
MiKTeX 2.9/fonts/type1/public/amsfonts/cm/cmex10.pfb><C:/Program Files (x86)/Mi
KTeX 2.9/fonts/type1/public/amsfonts/cm/cmmi10.pfb><C:/Program Files (x86)/MiKT
eX 2.9/fonts/type1/public/amsfonts/cm/cmmi6.pfb><C:/Program Files (x86)/MiKTeX 
2.9/fonts/type1/public/amsfonts/cm/cmmi8.pfb><C:/Program Files (x86)/MiKTeX 2.9
/fonts/type1/public/amsfonts/cm/cmr10.pfb><C:/Program Files (x86)/MiKTeX 2.9/fo
nts/type1/public/amsfonts/cm/cmr5.pfb><C:/Program Files (x86)/MiKTeX 2.9/fonts/
type1/public/amsfonts/cm/cmr6.pfb><C:/Program Files (x86)/MiKTeX 2.9/fonts/type
1/public/amsfonts/cm/cmr8.pfb><C:/Program Files (x86)/MiKTeX 2.9/fonts/type1/pu
blic/amsfonts/cm/cmsy10.pfb><C:/Program Files (x86)/MiKTeX 2.9/fonts/type1/publ
ic/amsfonts/cm/cmsy8.pfb>
Output written on SSB_report.pdf (20 pages, 1554175 bytes).
PDF statistics:
 837 PDF objects out of 1000 (max. 8388607)
 89 named destinations out of 1000 (max. 500000)
 475 words of extra memory for PDF output out of 10000 (max. 10000000)

