\BOOKMARK [1][-]{section.1}{Stratification of the solar atmosphere}{}% 1
\BOOKMARK [2][-]{subsection.1.1}{FALC temperature stratification}{section.1}% 2
\BOOKMARK [2][-]{subsection.1.2}{FALC density stratification}{section.1}% 3
\BOOKMARK [3][-]{subsubsection.1.2.1}{Total pressure against column mass}{subsection.1.2}% 4
\BOOKMARK [3][-]{subsubsection.1.2.2}{Complete mixing at heights}{subsection.1.2}% 5
\BOOKMARK [3][-]{subsubsection.1.2.3}{Column mass and height}{subsection.1.2}% 6
\BOOKMARK [3][-]{subsubsection.1.2.4}{Gas density and height}{subsection.1.2}% 7
\BOOKMARK [3][-]{subsubsection.1.2.5}{Gas pressure and height}{subsection.1.2}% 8
\BOOKMARK [3][-]{subsubsection.1.2.6}{Density comparisons}{subsection.1.2}% 9
\BOOKMARK [3][-]{subsubsection.1.2.7}{Ionization fraction}{subsection.1.2}% 10
\BOOKMARK [3][-]{subsubsection.1.2.8}{Photon densities}{subsection.1.2}% 11
\BOOKMARK [2][-]{subsection.1.3}{Comparison with the Earth's atmosphere}{section.1}% 12
\BOOKMARK [3][-]{subsubsection.1.3.1}{Plots of data}{subsection.1.3}% 13
\BOOKMARK [3][-]{subsubsection.1.3.2}{Normalized pressure, gas and number densities}{subsection.1.3}% 14
\BOOKMARK [3][-]{subsubsection.1.3.3}{Mean molecular weight}{subsection.1.3}% 15
\BOOKMARK [3][-]{subsubsection.1.3.4}{Earth density scale height}{subsection.1.3}% 16
\BOOKMARK [3][-]{subsubsection.1.3.5}{Earth and Sun surface parameter comparison}{subsection.1.3}% 17
\BOOKMARK [3][-]{subsubsection.1.3.6}{Solar irradiance at Earth}{subsection.1.3}% 18
\BOOKMARK [1][-]{section.2}{Continuous spectrum from the solar atmosphere}{}% 19
\BOOKMARK [2][-]{subsection.2.1}{Observed solar continua}{section.2}% 20
\BOOKMARK [3][-]{subsubsection.2.1.1}{Spectral distribution data}{subsection.2.1}% 21
\BOOKMARK [3][-]{subsubsection.2.1.2}{Planck fitting to solar continuum intensity}{subsection.2.1}% 22
\BOOKMARK [3][-]{subsubsection.2.1.3}{Brightness temperature distribution over wavelength}{subsection.2.1}% 23
\BOOKMARK [2][-]{subsection.2.2}{Continuous extinction}{section.2}% 24
\BOOKMARK [3][-]{subsubsection.2.2.1}{Wavelength variation of hydrogenic extinction for h=0 km}{subsection.2.2}% 25
\BOOKMARK [3][-]{subsubsection.2.2.2}{Extinction line as brightness temperature}{subsection.2.2}% 26
\BOOKMARK [3][-]{subsubsection.2.2.3}{Elements' extinction comparisons}{subsection.2.2}% 27
\BOOKMARK [2][-]{subsection.2.3}{Optical depth}{section.2}% 28
\BOOKMARK [2][-]{subsection.2.4}{Emergent intensity and height of formation}{section.2}% 29
\BOOKMARK [3][-]{subsubsection.2.4.1}{Peak-normalized contribution and peak location}{subsection.2.4}% 30
\BOOKMARK [2][-]{subsection.2.5}{Disk-center intensity}{section.2}% 31
\BOOKMARK [3][-]{subsubsection.2.5.1}{Emergent continuum}{subsection.2.5}% 32
\BOOKMARK [2][-]{subsection.2.6}{Limb darknening}{section.2}% 33
\BOOKMARK [2][-]{subsection.2.7}{Flux integration}{section.2}% 34
\BOOKMARK [1][-]{section.3}{Spectral lines from the solar atmosphere}{}% 35
\BOOKMARK [2][-]{subsection.3.1}{Na D wavelengths}{section.3}% 36
\BOOKMARK [2][-]{subsection.3.2}{Computed NaID1 line profile}{section.3}% 37
\BOOKMARK [2][-]{subsection.3.3}{Conclusion/Discussion}{section.3}% 38
